D:\LEARNINGS\GAME_ENGINE_DESIGN\MYENGINE\RENDERER\ZFXMATH\DEBUG\ZFXAABB.OBJ
D:\LEARNINGS\GAME_ENGINE_DESIGN\MYENGINE\RENDERER\ZFXMATH\DEBUG\ZFXCPU.OBJ
D:\LEARNINGS\GAME_ENGINE_DESIGN\MYENGINE\RENDERER\ZFXMATH\DEBUG\ZFXMATRIX.OBJ
D:\LEARNINGS\GAME_ENGINE_DESIGN\MYENGINE\RENDERER\ZFXMATH\DEBUG\ZFXOBB.OBJ
D:\LEARNINGS\GAME_ENGINE_DESIGN\MYENGINE\RENDERER\ZFXMATH\DEBUG\ZFXPLANE.OBJ
D:\LEARNINGS\GAME_ENGINE_DESIGN\MYENGINE\RENDERER\ZFXMATH\DEBUG\ZFXPOLYGON.OBJ
D:\LEARNINGS\GAME_ENGINE_DESIGN\MYENGINE\RENDERER\ZFXMATH\DEBUG\ZFXQUAT.OBJ
D:\LEARNINGS\GAME_ENGINE_DESIGN\MYENGINE\RENDERER\ZFXMATH\DEBUG\ZFXRAY.OBJ
D:\LEARNINGS\GAME_ENGINE_DESIGN\MYENGINE\RENDERER\ZFXMATH\DEBUG\ZFXVECTOR.OBJ
D:\LEARNINGS\GAME_ENGINE_DESIGN\MYENGINE\RENDERER\ZFXMATH\DEBUG\VC110.PDB
D:\LEARNINGS\GAME_ENGINE_DESIGN\MYENGINE\RENDERER\DEBUG\ZFXMATH.ILK
D:\LEARNINGS\GAME_ENGINE_DESIGN\MYENGINE\RENDERER\DEBUG\ZFXMATH.DLL
D:\LEARNINGS\GAME_ENGINE_DESIGN\MYENGINE\RENDERER\DEBUG\ZFXMATH.PDB
D:\learnings\game_engine_design\MyEngine\renderer\Debug\ZFXMath.lib
D:\learnings\game_engine_design\MyEngine\renderer\Debug\ZFXMath.exp
D:\learnings\game_engine_design\MyEngine\renderer\ZFXMath\Debug\zfxaabb.obj
D:\learnings\game_engine_design\MyEngine\renderer\ZFXMath\Debug\zfxcpu.obj
D:\learnings\game_engine_design\MyEngine\renderer\ZFXMath\Debug\zfxmatrix.obj
D:\learnings\game_engine_design\MyEngine\renderer\ZFXMath\Debug\zfxobb.obj
D:\learnings\game_engine_design\MyEngine\renderer\ZFXMath\Debug\zfxplane.obj
D:\learnings\game_engine_design\MyEngine\renderer\ZFXMath\Debug\zfxpolygon.obj
D:\learnings\game_engine_design\MyEngine\renderer\ZFXMath\Debug\zfxquat.obj
D:\learnings\game_engine_design\MyEngine\renderer\ZFXMath\Debug\zfxray.obj
D:\learnings\game_engine_design\MyEngine\renderer\ZFXMath\Debug\zfxvector.obj
D:\learnings\game_engine_design\MyEngine\renderer\ZFXMath\Debug\cl.command.1.tlog
D:\learnings\game_engine_design\MyEngine\renderer\ZFXMath\Debug\CL.read.1.tlog
D:\learnings\game_engine_design\MyEngine\renderer\ZFXMath\Debug\CL.write.1.tlog
D:\learnings\game_engine_design\MyEngine\renderer\ZFXMath\Debug\link-cvtres.read.1.tlog
D:\learnings\game_engine_design\MyEngine\renderer\ZFXMath\Debug\link-cvtres.write.1.tlog
D:\learnings\game_engine_design\MyEngine\renderer\ZFXMath\Debug\link-rc.read.1.tlog
D:\learnings\game_engine_design\MyEngine\renderer\ZFXMath\Debug\link-rc.write.1.tlog
D:\learnings\game_engine_design\MyEngine\renderer\ZFXMath\Debug\link.command.1.tlog
D:\learnings\game_engine_design\MyEngine\renderer\ZFXMath\Debug\link.read.1.tlog
D:\learnings\game_engine_design\MyEngine\renderer\ZFXMath\Debug\link.write.1.tlog
D:\learnings\game_engine_design\MyEngine\renderer\ZFXMath\Debug\ZFXMath.write.1.tlog
D:\learnings\game_engine_design\MyEngine\renderer\ZFXMath\Debug\vc110.idb
D:\learnings\game_engine_design\MyEngine\renderer\ZFXMath\Debug\vc110.pdb
D:\learnings\game_engine_design\MyEngine\renderer\Debug\ZFXMath.pdb
D:\learnings\game_engine_design\MyEngine\renderer\Debug\ZFXMath.dll
D:\learnings\game_engine_design\MyEngine\renderer\Debug\ZFXMath.ilk
