生成启动时间为 4/22/2015 10:16:01 AM。
     1>项目“D:\learnings\game_engine_design\MyEngine\renderer\ZFXMath\ZFXMath.vcxproj”在节点 2 上(Rebuild 个目标)。
     1>ClCompile:
         C:\Program Files (x86)\Microsoft Visual Studio 11.0\VC\bin\CL.exe /c /ZI /nologo /W3 /WX- /sdl /Od /Oy- /D WIN32 /D _DEBUG /D _WINDOWS /D _USRDLL /D ZFXMATH_EXPORTS /D _CRT_SECURE_NO_WARNINGS /D _WINDLL /D _UNICODE /D UNICODE /Gm /EHsc /RTC1 /MDd /GS /fp:precise /Zc:wchar_t /Zc:forScope /Fo"Debug\\" /Fd"Debug\vc110.pdb" /Gd /TP /analyze- /errorReport:prompt zfxaabb.cpp zfxcpu.cpp zfxmatrix.cpp zfxobb.cpp zfxplane.cpp zfxpolygon.cpp zfxquat.cpp zfxray.cpp zfxvector.cpp
         zfxvector.cpp
         zfxray.cpp
         zfxquat.cpp
         zfxpolygon.cpp
     1>d:\learnings\game_engine_design\myengine\renderer\zfxmath\zfxpolygon.cpp(179): warning C4018: “<”: 有符号/无符号不匹配
         zfxplane.cpp
         zfxobb.cpp
         zfxmatrix.cpp
         zfxcpu.cpp
         zfxaabb.cpp
         正在生成代码...
       Link:
         C:\Program Files (x86)\Microsoft Visual Studio 11.0\VC\bin\link.exe /ERRORREPORT:PROMPT /OUT:"D:\learnings\game_engine_design\MyEngine\renderer\Debug\ZFXMath.dll" /INCREMENTAL /NOLOGO kernel32.lib user32.lib gdi32.lib winspool.lib comdlg32.lib advapi32.lib shell32.lib ole32.lib oleaut32.lib uuid.lib odbc32.lib odbccp32.lib /MANIFEST /MANIFESTUAC:"level='asInvoker' uiAccess='false'" /manifest:embed /DEBUG /PDB:"D:\learnings\game_engine_design\MyEngine\renderer\Debug\ZFXMath.pdb" /SUBSYSTEM:WINDOWS /TLBID:1 /DYNAMICBASE /NXCOMPAT /IMPLIB:"D:\learnings\game_engine_design\MyEngine\renderer\Debug\ZFXMath.lib" /MACHINE:X86 /DLL Debug\zfxaabb.obj
         Debug\zfxcpu.obj
         Debug\zfxmatrix.obj
         Debug\zfxobb.obj
         Debug\zfxplane.obj
         Debug\zfxpolygon.obj
         Debug\zfxquat.obj
         Debug\zfxray.obj
         Debug\zfxvector.obj
            正在创建库 D:\learnings\game_engine_design\MyEngine\renderer\Debug\ZFXMath.lib 和对象 D:\learnings\game_engine_design\MyEngine\renderer\Debug\ZFXMath.exp
         ZFXMath.vcxproj -> D:\learnings\game_engine_design\MyEngine\renderer\Debug\ZFXMath.dll
     1>已完成生成项目“D:\learnings\game_engine_design\MyEngine\renderer\ZFXMath\ZFXMath.vcxproj”(Rebuild 个目标)的操作。

生成成功。

已用时间 00:00:02.51
